<?xml version="1.0" encoding="UTF-8"?>
<testng-results ignored="1" total="2" passed="1" failed="0" skipped="0">
  <reporter-output>
  </reporter-output>
  <suite started-at="2022-05-21T08:45:29 IST" name="Default suite" finished-at="2022-05-21T08:45:40 IST" duration-ms="11058">
    <groups>
    </groups>
    <test started-at="2022-05-21T08:45:29 IST" name="Default test" finished-at="2022-05-21T08:45:40 IST" duration-ms="11058">
      <class name="tests.wikiPediaTest">
        <test-method is-config="true" signature="SetUp()[pri:0, instance:tests.wikiPediaTest@1115ec15]" started-at="2022-05-21T08:45:29 IST" name="SetUp" finished-at="2022-05-21T08:45:35 IST" duration-ms="6404" status="PASS">
          <reporter-output>
          </reporter-output>
        </test-method> <!-- SetUp -->
        <test-method signature="foreginPlayer()[pri:0, instance:tests.wikiPediaTest@1115ec15]" started-at="2022-05-21T08:45:35 IST" name="foreginPlayer" finished-at="2022-05-21T08:45:39 IST" duration-ms="4006" status="PASS">
          <reporter-output>
          </reporter-output>
        </test-method> <!-- foreginPlayer -->
        <test-method is-config="true" signature="TearDown()[pri:0, instance:tests.wikiPediaTest@1115ec15]" started-at="2022-05-21T08:45:39 IST" name="TearDown" finished-at="2022-05-21T08:45:40 IST" duration-ms="614" status="PASS">
          <reporter-output>
          </reporter-output>
        </test-method> <!-- TearDown -->
      </class> <!-- tests.wikiPediaTest -->
    </test> <!-- Default test -->
  </suite> <!-- Default suite -->
</testng-results>
